Сборка начата 15.12.2017 17:16:52.
     1>Проект "C:\Users\ilya\Desktop\lab_5\Plugins\PluginB\PluginB.vcxproj" в узле 3 (целевые объекты Build).
     1>ClCompile:
         D:\Программы\VC\bin\CL.exe /c /ZI /nologo /W3 /WX- /sdl /Od /Oy- /D WIN32 /D _DEBUG /D _WINDOWS /D _USRDLL /D PLUGINB_EXPORTS /D _WINDLL /D _UNICODE /D UNICODE /Gm /EHsc /RTC1 /MDd /GS /fp:precise /Zc:wchar_t /Zc:forScope /Zc:inline /Yc"stdafx.h" /Fp"Debug\PluginB.pch" /Fo"Debug\\" /Fd"Debug\vc140.pdb" /Gd /TP /analyze- /errorReport:prompt stdafx.cpp
         stdafx.cpp
         D:\Программы\VC\bin\CL.exe /c /ZI /nologo /W3 /WX- /sdl /Od /Oy- /D WIN32 /D _DEBUG /D _WINDOWS /D _USRDLL /D PLUGINB_EXPORTS /D _WINDLL /D _UNICODE /D UNICODE /Gm /EHsc /RTC1 /MDd /GS /fp:precise /Zc:wchar_t /Zc:forScope /Zc:inline /Fo"Debug\\" /Fd"Debug\vc140.pdb" /Gd /TP /analyze- /errorReport:prompt dllmain.cpp
         dllmain.cpp
         D:\Программы\VC\bin\CL.exe /c /ZI /nologo /W3 /WX- /sdl /Od /Oy- /D WIN32 /D _DEBUG /D _WINDOWS /D _USRDLL /D PLUGINB_EXPORTS /D _WINDLL /D _UNICODE /D UNICODE /Gm /EHsc /RTC1 /MDd /GS /fp:precise /Zc:wchar_t /Zc:forScope /Zc:inline /Yu"stdafx.h" /Fp"Debug\PluginB.pch" /Fo"Debug\\" /Fd"Debug\vc140.pdb" /Gd /TP /analyze- /errorReport:prompt PluginB.cpp
         PluginB.cpp
     1>c:\users\ilya\desktop\lab_5\plugins\pluginb\pluginb.cpp(9): warning C4273: GetAuthor: несовместимая компоновка dll
         c:\users\ilya\desktop\lab_5\plugins\pluginb\pluginb.h(14): note: см. предыдущее определение "GetAuthor"
     1>c:\users\ilya\desktop\lab_5\plugins\pluginb\pluginb.cpp(25): warning C4273: GetDescription: несовместимая компоновка dll
         c:\users\ilya\desktop\lab_5\plugins\pluginb\pluginb.h(16): note: см. предыдущее определение "GetDescription"
     1>c:\users\ilya\desktop\lab_5\plugins\pluginb\pluginb.cpp(41): warning C4273: Execute: несовместимая компоновка dll
         c:\users\ilya\desktop\lab_5\plugins\pluginb\pluginb.h(18): note: см. предыдущее определение "Execute"
       Link:
         D:\Программы\VC\bin\link.exe /ERRORREPORT:PROMPT /OUT:"C:\Users\ilya\Desktop\lab_5\Plugins\Debug\PluginB.dll" /INCREMENTAL /NOLOGO kernel32.lib user32.lib gdi32.lib winspool.lib comdlg32.lib advapi32.lib shell32.lib ole32.lib oleaut32.lib uuid.lib odbc32.lib odbccp32.lib /DEF:"PluginB.def" /MANIFEST /MANIFESTUAC:"level='asInvoker' uiAccess='false'" /manifest:embed /Debug /PDB:"C:\Users\ilya\Desktop\lab_5\Plugins\Debug\PluginB.pdb" /SUBSYSTEM:WINDOWS /TLBID:1 /DYNAMICBASE /NXCOMPAT /IMPLIB:"C:\Users\ilya\Desktop\lab_5\Plugins\Debug\PluginB.lib" /MACHINE:X86 /DLL Debug\dllmain.obj
         Debug\PluginB.obj
         Debug\stdafx.obj
            Создается библиотека C:\Users\ilya\Desktop\lab_5\Plugins\Debug\PluginB.lib и объект C:\Users\ilya\Desktop\lab_5\Plugins\Debug\PluginB.exp
         PluginB.vcxproj -> C:\Users\ilya\Desktop\lab_5\Plugins\Debug\PluginB.dll
     1>Сборка проекта "C:\Users\ilya\Desktop\lab_5\Plugins\PluginB\PluginB.vcxproj" завершена (целевые объекты Build).

Сборка успешно завершена.

Затраченное время: 00:00:04.88
