Сборка начата 01.12.2017 22:44:08.
     1>Проект "D:\OpenCL_Samples\OpenCL_Samples\5_Vector_Types\5_Vector_Types.vcxproj" в узле 3 (целевые объекты Build).
     1>ClCompile:
         D:\Программы\VC\bin\CL.exe /c /I"C:\Program Files\NVIDIA GPU Computing Toolkit\CUDA\v9.0\include" /Zi /nologo /W3 /WX- /sdl /O2 /Oi /Oy- /GL /D _MBCS /Gm- /EHsc /MD /GS /Gy /fp:precise /Zc:wchar_t /Zc:forScope /Zc:inline /Fo"NVIDIA Release\\" /Fd"NVIDIA Release\vc140.pdb" /Gd /TP /analyze- /errorReport:prompt Main.cpp
         Main.cpp
       Link:
         D:\Программы\VC\bin\link.exe /ERRORREPORT:PROMPT /OUT:"D:\OpenCL_Samples\OpenCL_Samples\NVIDIA Release\5_Vector_Types.exe" /NOLOGO /LIBPATH:"C:\Program Files\NVIDIA GPU Computing Toolkit\CUDA\v9.0\lib\Win32" OpenCL.lib kernel32.lib user32.lib gdi32.lib winspool.lib comdlg32.lib advapi32.lib shell32.lib ole32.lib oleaut32.lib uuid.lib odbc32.lib odbccp32.lib /MANIFEST /MANIFESTUAC:"level='asInvoker' uiAccess='false'" /manifest:embed /DEBUG /PDB:"D:\OpenCL_Samples\OpenCL_Samples\NVIDIA Release\5_Vector_Types.pdb" /OPT:REF /OPT:ICF /LTCG:incremental /TLBID:1 /DYNAMICBASE /NXCOMPAT /IMPLIB:"D:\OpenCL_Samples\OpenCL_Samples\NVIDIA Release\5_Vector_Types.lib" /MACHINE:X86 /SAFESEH "NVIDIA Release\DeviceEx.obj"
         "NVIDIA Release\KernelEx.obj"
         "NVIDIA Release\Main.obj"
         "NVIDIA Release\PlatformEx.obj"
         Создание кода
         1 of 663 functions ( 0.2%) were compiled, the rest were copied from previous compilation.
           0 functions were new in current compilation
           1 functions had inline decision re-evaluated but remain unchanged
         Создание кода завершено
         5_Vector_Types.vcxproj -> D:\OpenCL_Samples\OpenCL_Samples\NVIDIA Release\5_Vector_Types.exe
       PostBuildEvent:
         xcopy /Y "D:\OpenCL_Samples\OpenCL_Samples\5_Vector_Types\Kernel.cl" "D:\OpenCL_Samples\OpenCL_Samples\NVIDIA Release\"
         :VCEnd
         D:\OpenCL_Samples\OpenCL_Samples\5_Vector_Types\Kernel.cl
         Скопировано файлов: 1.
     1>Сборка проекта "D:\OpenCL_Samples\OpenCL_Samples\5_Vector_Types\5_Vector_Types.vcxproj" завершена (целевые объекты Build).

Сборка успешно завершена.

Затраченное время: 00:00:04.14
