Сборка начата 15.12.2017 17:27:36.
     1>Проект "C:\Users\ilya\Desktop\lab_5\lab_5.vcxproj" в узле 2 (целевые объекты Build).
     1>ClCompile:
         D:\Программы\VC\bin\CL.exe /c /IC:\Users\ilya\Desktop\lab_5\Plugins\PluginWithImplicitLinking /Zi /nologo /W3 /WX- /sdl /O2 /Oi /Oy- /GL /D _MBCS /Gm- /EHsc /MD /GS /Gy /fp:precise /Zc:wchar_t /Zc:forScope /Zc:inline /Fo"Release\\" /Fd"Release\vc140.pdb" /Gd /TP /analyze- /errorReport:prompt Program.cpp
         Program.cpp
     1>Program.cpp(111): warning C4800: BOOLEAN: принудительно задано логическое значение "true" или "false" (предупреждение о производительности)
     1>Program.cpp(128): warning C4800: BOOLEAN: принудительно задано логическое значение "true" или "false" (предупреждение о производительности)
     1>Program.cpp(145): warning C4800: BOOLEAN: принудительно задано логическое значение "true" или "false" (предупреждение о производительности)
     1>Program.cpp(149): warning C4800: BOOLEAN: принудительно задано логическое значение "true" или "false" (предупреждение о производительности)
     1>Program.cpp(154): warning C4800: BOOLEAN: принудительно задано логическое значение "true" или "false" (предупреждение о производительности)
     1>Program.cpp(157): warning C4800: BOOLEAN: принудительно задано логическое значение "true" или "false" (предупреждение о производительности)
     1>Program.cpp(167): warning C4800: BOOLEAN: принудительно задано логическое значение "true" или "false" (предупреждение о производительности)
       Link:
         D:\Программы\VC\bin\link.exe /ERRORREPORT:PROMPT /OUT:"C:\Users\ilya\Desktop\lab_5\Release\lab_5.exe" /NOLOGO kernel32.lib user32.lib gdi32.lib winspool.lib comdlg32.lib advapi32.lib shell32.lib ole32.lib oleaut32.lib uuid.lib odbc32.lib odbccp32.lib /MANIFEST /MANIFESTUAC:"level='asInvoker' uiAccess='false'" /manifest:embed /DEBUG /PDB:"C:\Users\ilya\Desktop\lab_5\Release\lab_5.pdb" /OPT:REF /OPT:ICF /LTCG:incremental /TLBID:1 /DYNAMICBASE /NXCOMPAT /IMPLIB:"C:\Users\ilya\Desktop\lab_5\Release\lab_5.lib" /MACHINE:X86 /SAFESEH Release\Program.obj
         C:\Users\ilya\Desktop\lab_5\Release\PluginWithImplicitLinking.lib
         Создание кода
         0 of 22 functions ( 0.0%) were compiled, the rest were copied from previous compilation.
           0 functions were new in current compilation
           0 functions had inline decision re-evaluated but remain unchanged
         Создание кода завершено
         lab_5.vcxproj -> C:\Users\ilya\Desktop\lab_5\Release\lab_5.exe
     1>Сборка проекта "C:\Users\ilya\Desktop\lab_5\lab_5.vcxproj" завершена (целевые объекты Build).

Сборка успешно завершена.

Затраченное время: 00:00:01.88
