D:\USERS\ILYA\DOCUMENTS\VISUAL STUDIO 2012\PROJECTS\SORT_ARRAY_PUZ\SORT_ARRAY_PUZ\DEBUG\STDAFX.OBJ
D:\USERS\ILYA\DOCUMENTS\VISUAL STUDIO 2012\PROJECTS\SORT_ARRAY_PUZ\SORT_ARRAY_PUZ\DEBUG\VC110.PDB
D:\USERS\ILYA\DOCUMENTS\VISUAL STUDIO 2012\PROJECTS\SORT_ARRAY_PUZ\DEBUG\SORT_ARRAY_PUZ.ILK
D:\USERS\ILYA\DOCUMENTS\VISUAL STUDIO 2012\PROJECTS\SORT_ARRAY_PUZ\DEBUG\SORT_ARRAY_PUZ.EXE
D:\USERS\ILYA\DOCUMENTS\VISUAL STUDIO 2012\PROJECTS\SORT_ARRAY_PUZ\DEBUG\SORT_ARRAY_PUZ.PDB
d:\Users\ilya\documents\visual studio 2012\Projects\sort_array_puz\sort_array_puz\Debug\stdafx.obj
d:\Users\ilya\documents\visual studio 2012\Projects\sort_array_puz\sort_array_puz\Debug\cl.command.1.tlog
d:\Users\ilya\documents\visual studio 2012\Projects\sort_array_puz\sort_array_puz\Debug\CL.read.1.tlog
d:\Users\ilya\documents\visual studio 2012\Projects\sort_array_puz\sort_array_puz\Debug\CL.write.1.tlog
d:\Users\ilya\documents\visual studio 2012\Projects\sort_array_puz\sort_array_puz\Debug\link-cvtres.read.1.tlog
d:\Users\ilya\documents\visual studio 2012\Projects\sort_array_puz\sort_array_puz\Debug\link-cvtres.write.1.tlog
d:\Users\ilya\documents\visual studio 2012\Projects\sort_array_puz\sort_array_puz\Debug\link-rc.read.1.tlog
d:\Users\ilya\documents\visual studio 2012\Projects\sort_array_puz\sort_array_puz\Debug\link-rc.write.1.tlog
d:\Users\ilya\documents\visual studio 2012\Projects\sort_array_puz\sort_array_puz\Debug\link.command.1.tlog
d:\Users\ilya\documents\visual studio 2012\Projects\sort_array_puz\sort_array_puz\Debug\link.read.1.tlog
d:\Users\ilya\documents\visual studio 2012\Projects\sort_array_puz\sort_array_puz\Debug\link.write.1.tlog
d:\Users\ilya\documents\visual studio 2012\Projects\sort_array_puz\sort_array_puz\Debug\vc110.idb
d:\Users\ilya\documents\visual studio 2012\Projects\sort_array_puz\sort_array_puz\Debug\vc110.pdb
d:\users\ilya\documents\visual studio 2012\Projects\sort_array_puz\Debug\sort_array_puz.pdb
d:\users\ilya\documents\visual studio 2012\Projects\sort_array_puz\Debug\sort_array_puz.exe
d:\users\ilya\documents\visual studio 2012\Projects\sort_array_puz\Debug\sort_array_puz.ilk
