Сборка начата 02.12.2017 9:00:56.
     1>Проект "D:\OpenCL_Samples\OpenCL_Samples\5_Vector_Types\5_Vector_Types.vcxproj" в узле 3 (целевые объекты Build).
     1>ClCompile:
         D:\Программы\VC\bin\x86_amd64\CL.exe /c /IC:\Intel\OpenCL\sdk\\include /ZI /nologo /W3 /WX- /sdl /Od /D _MBCS /D CL_USE_DEPRECATED_OPENCL_1_2_APIS /D CL_USE_DEPRECATED_OPENCL_2_0_APIS /D _MBCS /Gm /EHsc /RTC1 /MDd /GS /fp:precise /Zc:wchar_t /Zc:forScope /Zc:inline /Fo"x64\Intel Debug\\" /Fd"x64\Intel Debug\vc140.pdb" /Gd /TP /errorReport:prompt DeviceEx.cpp KernelEx.cpp Main.cpp PlatformEx.cpp
         PlatformEx.cpp
     1>d:\opencl_samples\opencl_samples\5_vector_types\platformex.cpp(19): error C2872: size_t: неоднозначный символ
         d:\opencl_samples\opencl_samples\5_vector_types\platformex.cpp: note: может быть "unsigned __int64 size_t"
         d:\opencl_samples\opencl_samples\5_vector_types\platformex.cpp: note: или       "size_t"
         c:\intel\opencl\sdk\include\cl\cl.hpp(1094): note: или       "cl::size_t"
         Main.cpp
     1>d:\opencl_samples\opencl_samples\5_vector_types\main.cpp(119): error C2872: size_t: неоднозначный символ
         d:\opencl_samples\opencl_samples\5_vector_types\main.cpp: note: может быть "unsigned __int64 size_t"
         d:\opencl_samples\opencl_samples\5_vector_types\main.cpp: note: или       "size_t"
         c:\intel\opencl\sdk\include\cl\cl.hpp(1094): note: или       "cl::size_t"
         KernelEx.cpp
     1>d:\opencl_samples\opencl_samples\5_vector_types\kernelex.cpp(28): error C2872: size_t: неоднозначный символ
         d:\opencl_samples\opencl_samples\5_vector_types\kernelex.cpp: note: может быть "unsigned __int64 size_t"
         d:\opencl_samples\opencl_samples\5_vector_types\kernelex.cpp: note: или       "size_t"
         c:\intel\opencl\sdk\include\cl\cl.hpp(1094): note: или       "cl::size_t"
         DeviceEx.cpp
     1>d:\opencl_samples\opencl_samples\5_vector_types\deviceex.cpp(40): error C2872: size_t: неоднозначный символ
         d:\opencl_samples\opencl_samples\5_vector_types\deviceex.cpp: note: может быть "unsigned __int64 size_t"
         d:\opencl_samples\opencl_samples\5_vector_types\deviceex.cpp: note: или       "size_t"
         c:\intel\opencl\sdk\include\cl\cl.hpp(1094): note: или       "cl::size_t"
         Создание кода...
     1>Сборка проекта "D:\OpenCL_Samples\OpenCL_Samples\5_Vector_Types\5_Vector_Types.vcxproj" завершена (целевые объекты Build) с ошибкой.

Ошибка сборки.

Затраченное время: 00:00:04.49
